<?xml version="1.0" encoding="UTF-8"?>
<!-- Generated by org.testng.reporters.JUnitReportReporter -->
<testsuite skipped="1" hostname="DESKTOP-R5AVHAA" name="qsp.TestNG" tests="2" failures="0" timestamp="03 May 2022 10:23:44 GMT" time="0.016" errors="0">
  <testcase name="login" time="0.016" classname="qsp.TestNG"/>
  <testcase name="signup" classname="qsp.TestNG">
    <skipped/>
  </testcase> <!-- signup -->
</testsuite> <!-- qsp.TestNG -->
