<?xml version="1.0" encoding="UTF-8"?>
<!-- Generated by org.testng.reporters.JUnitReportReporter -->
<testsuite skipped="0" hostname="DESKTOP-R5AVHAA" name="qsp.Demo" tests="1" failures="0" timestamp="04 May 2022 10:05:49 GMT" time="30.673" errors="0">
  <testcase name="test" time="30.673" classname="qsp.Demo"/>
</testsuite> <!-- qsp.Demo -->
